{"name": "test_1", "status": "failed", "statusDetails": {"message": "AssertionError: assert 'yy' == 'yy1'\n  - yy1\n  ?   -\n  + yy", "trace": "def test_1():\n        name = 'yy'\n>       assert name == 'yy1'\nE       AssertionError: assert 'yy' == 'yy1'\nE         - yy1\nE         ?   -\nE         + yy\n\nlianxi01\\test_pytest_jenkins.py:13: AssertionError"}, "start": 1695040453707, "stop": 1695040453707, "uuid": "240a098b-e679-4036-9f19-7b12627892e7", "historyId": "15c2dc7c6926eb35193b4a8b53b65640", "testCaseId": "15c2dc7c6926eb35193b4a8b53b65640", "fullName": "lianxi01.test_pytest_jenkins#test_1", "labels": [{"name": "parentSuite", "value": "lianxi01"}, {"name": "suite", "value": "test_pytest_jenkins"}, {"name": "host", "value": "DESKTOP-BG0FA4M"}, {"name": "thread", "value": "13736-MainThread"}, {"name": "framework", "value": "pytest"}, {"name": "language", "value": "cpython3"}, {"name": "package", "value": "lianxi01.test_pytest_jenkins"}]}